<?xml version="1.0" encoding="UTF-8"?>
<!-- Generated by org.testng.reporters.JUnitReportReporter -->
<testsuite hostname="DESKTOP-17KGG36" failures="0" tests="1" name="testrunner.testRunner" time="14.686" errors="0" timestamp="12 Aug 2020 15:23:46 GMT">
  <testcase classname="testrunner.testRunner" name="feature" time="14.686"/>
</testsuite> <!-- testrunner.testRunner -->
