<?xml version="1.0" encoding="UTF-8"?>
<!-- Generated by org.testng.reporters.JUnitReportReporter -->
<testsuite hostname="DESKTOP-17KGG36" failures="0" tests="2" name="myframework1.framework.test1" time="15.679" errors="0" timestamp="8 Aug 2020 15:24:24 GMT">
  <testcase classname="myframework1.framework.test1" name="logingInTest" time="8.808"/>
  <testcase classname="myframework1.framework.test1" name="logingInTest" time="6.871"/>
</testsuite> <!-- myframework1.framework.test1 -->
