<?xml version="1.0" encoding="UTF-8"?>
<!-- Generated by org.testng.reporters.JUnitReportReporter -->
<testsuite hostname="DESKTOP-17KGG36" failures="0" tests="3" name="testrunner.testRunner" time="47.560" errors="0" timestamp="12 Aug 2020 15:57:50 GMT">
  <testcase classname="testrunner.testRunner" name="feature" time="20.900"/>
  <testcase classname="testrunner.testRunner" name="feature" time="13.631"/>
  <testcase classname="testrunner.testRunner" name="feature" time="13.029"/>
</testsuite> <!-- testrunner.testRunner -->
