<?xml version="1.0" encoding="UTF-8"?>
<!-- Generated by org.testng.reporters.JUnitReportReporter -->
<testsuite hostname="DESKTOP-17KGG36" failures="0" tests="4" name="myframework1.framework.test1" time="32.421" errors="0" timestamp="12 Aug 2020 15:40:29 GMT">
  <testcase classname="myframework1.framework.test1" name="logingInTest" time="7.608"/>
  <testcase classname="myframework1.framework.test1" name="logingInTest" time="8.124"/>
  <testcase classname="myframework1.framework.test1" name="logingInTest" time="7.790"/>
  <testcase classname="myframework1.framework.test1" name="logingInTest" time="8.899"/>
</testsuite> <!-- myframework1.framework.test1 -->
